<?xml version="1.0" encoding="UTF-8"?>
<!-- Generated by org.testng.reporters.JUnitReportReporter -->
<testsuite hostname="DavidBala" name="in.reqres.GetAllUsers.InvalidUser" tests="1" failures="0" timestamp="27 Mar 2020 09:49:47 GMT" time="4.488" errors="0">
  <testcase name="singleUser" time="4.488" classname="in.reqres.GetAllUsers.InvalidUser"/>
</testsuite> <!-- in.reqres.GetAllUsers.InvalidUser -->
