<?xml version="1.0" encoding="UTF-8"?>
<!-- Generated by org.testng.reporters.JUnitReportReporter -->
<testsuite hostname="DavidBala" name="in.reqres.GetAllUsers.GetAllUsers" tests="1" failures="0" timestamp="27 Mar 2020 09:49:26 GMT" time="4.849" errors="0">
  <testcase name="allUsers" time="4.849" classname="in.reqres.GetAllUsers.GetAllUsers"/>
</testsuite> <!-- in.reqres.GetAllUsers.GetAllUsers -->
