<?xml version="1.0" encoding="UTF-8"?>
<!-- Generated by org.testng.reporters.JUnitReportReporter -->
<testsuite hostname="DavidBala" name="in.reqres.GetAllUsers.SingleUser" tests="1" failures="0" timestamp="27 Mar 2020 07:14:11 GMT" time="3.760" errors="0">
  <testcase name="singleUser" time="3.760" classname="in.reqres.GetAllUsers.SingleUser"/>
</testsuite> <!-- in.reqres.GetAllUsers.SingleUser -->
